  Renderer.cpp
  Object_Manager.cpp
c:\users\태경\desktop\maptool\engine\public\layer.h(18): warning C4267: 'return': 'size_t'에서 'Engine::_int'(으)로 변환하면서 데이터가 손실될 수 있습니다.
  Layer.cpp
c:\users\태경\desktop\maptool\engine\public\layer.h(18): warning C4267: 'return': 'size_t'에서 'Engine::_int'(으)로 변환하면서 데이터가 손실될 수 있습니다.
  GameObject.cpp
  GameInstance.cpp
  Component_Manager.cpp
  Camera.cpp
  코드를 생성하고 있습니다...
  LINK : ..\Bin\Engine.dll을(를) 찾을 수 없거나 마지막 증분 링크에 의해 빌드되지 않았습니다. 전체 링크를 수행하고 있습니다.
     ..\Bin\Engine.lib 라이브러리 및 ..\Bin\Engine.exp 개체를 생성하고 있습니다.
Transform.obj : warning LNK4099: 'vc140.pdb' PDB를 'Transform.obj' 또는 'C:\Users\태경\Desktop\MapTool\Engine\Bin\vc140.pdb'에서 찾을 수 없습니다. 디버그 정보가 없는 것처럼 개체를 링크합니다.
Texture.obj : warning LNK4099: 'vc140.pdb' PDB를 'Texture.obj' 또는 'C:\Users\태경\Desktop\MapTool\Engine\Bin\vc140.pdb'에서 찾을 수 없습니다. 디버그 정보가 없는 것처럼 개체를 링크합니다.
Input_Device.obj : warning LNK4099: 'vc140.pdb' PDB를 'Input_Device.obj' 또는 'C:\Users\태경\Desktop\MapTool\Engine\Bin\vc140.pdb'에서 찾을 수 없습니다. 디버그 정보가 없는 것처럼 개체를 링크합니다.
Graphic_Device.obj : warning LNK4099: 'vc140.pdb' PDB를 'Graphic_Device.obj' 또는 'C:\Users\태경\Desktop\MapTool\Engine\Bin\vc140.pdb'에서 찾을 수 없습니다. 디버그 정보가 없는 것처럼 개체를 링크합니다.
Component.obj : warning LNK4099: 'vc140.pdb' PDB를 'Component.obj' 또는 'C:\Users\태경\Desktop\MapTool\Engine\Bin\vc140.pdb'에서 찾을 수 없습니다. 디버그 정보가 없는 것처럼 개체를 링크합니다.
Base.obj : warning LNK4099: 'vc140.pdb' PDB를 'Base.obj' 또는 'C:\Users\태경\Desktop\MapTool\Engine\Bin\vc140.pdb'에서 찾을 수 없습니다. 디버그 정보가 없는 것처럼 개체를 링크합니다.
  Engine.vcxproj -> C:\Users\태경\Desktop\MapTool\Engine\Default\..\Bin\Engine.dll
  Engine.vcxproj -> ..\Bin\Engine.pdb (Full PDB)
