c:\users\jjh\desktop\maptool\tool\default\x64\debug\tool.pch
c:\users\jjh\desktop\maptool\tool\default\x64\debug\vc140.pdb
c:\users\jjh\desktop\maptool\tool\default\x64\debug\vc140.idb
c:\users\jjh\desktop\maptool\tool\default\x64\debug\stdafx.obj
c:\users\jjh\desktop\maptool\tool\default\x64\debug\monsterspawn.obj
c:\users\jjh\desktop\maptool\tool\default\x64\debug\camera_dynamic.obj
c:\users\jjh\desktop\maptool\tool\default\x64\debug\myterrain.obj
c:\users\jjh\desktop\maptool\tool\default\x64\debug\playerspawn.obj
c:\users\jjh\desktop\maptool\tool\default\x64\debug\mainfrm.obj
c:\users\jjh\desktop\maptool\tool\default\x64\debug\myform.obj
c:\users\jjh\desktop\maptool\tool\default\x64\debug\tool.obj
c:\users\jjh\desktop\maptool\tool\default\x64\debug\tooldoc.obj
c:\users\jjh\desktop\maptool\tool\default\x64\debug\toolview.obj
c:\users\jjh\desktop\maptool\tool\default\x64\debug\terrainrect.obj
c:\users\jjh\desktop\maptool\tool\default\x64\debug\tool.res
c:\users\jjh\desktop\maptool\tool\default\x64\debug\myform.obj.enc
c:\users\jjh\desktop\maptool\tool\default\x64\debug\playerspawn.obj.enc
c:\users\jjh\desktop\maptool\tool\default\x64\debug\toolview.obj.enc
c:\users\jjh\desktop\maptool\tool\default\x64\debug\tool.tlog\cl.command.1.tlog
c:\users\jjh\desktop\maptool\tool\default\x64\debug\tool.tlog\cl.read.1.tlog
c:\users\jjh\desktop\maptool\tool\default\x64\debug\tool.tlog\cl.write.1.tlog
c:\users\jjh\desktop\maptool\tool\default\x64\debug\tool.tlog\link-cvtres.read.1.tlog
c:\users\jjh\desktop\maptool\tool\default\x64\debug\tool.tlog\link-cvtres.write.1.tlog
c:\users\jjh\desktop\maptool\tool\default\x64\debug\tool.tlog\link-mt.read.1.tlog
c:\users\jjh\desktop\maptool\tool\default\x64\debug\tool.tlog\link-mt.write.1.tlog
c:\users\jjh\desktop\maptool\tool\default\x64\debug\tool.tlog\link-rc.read.1.tlog
c:\users\jjh\desktop\maptool\tool\default\x64\debug\tool.tlog\link-rc.write.1.tlog
c:\users\jjh\desktop\maptool\tool\default\x64\debug\tool.tlog\link.13560-cvtres.read.1.tlog
c:\users\jjh\desktop\maptool\tool\default\x64\debug\tool.tlog\link.13560-cvtres.write.1.tlog
c:\users\jjh\desktop\maptool\tool\default\x64\debug\tool.tlog\link.13560-mt.read.1.tlog
c:\users\jjh\desktop\maptool\tool\default\x64\debug\tool.tlog\link.13560-mt.write.1.tlog
c:\users\jjh\desktop\maptool\tool\default\x64\debug\tool.tlog\link.13560-rc.read.1.tlog
c:\users\jjh\desktop\maptool\tool\default\x64\debug\tool.tlog\link.13560-rc.write.1.tlog
c:\users\jjh\desktop\maptool\tool\default\x64\debug\tool.tlog\link.13560.read.1.tlog
c:\users\jjh\desktop\maptool\tool\default\x64\debug\tool.tlog\link.13560.write.1.tlog
c:\users\jjh\desktop\maptool\tool\default\x64\debug\tool.tlog\link.command.1.tlog
c:\users\jjh\desktop\maptool\tool\default\x64\debug\tool.tlog\link.read.1.tlog
c:\users\jjh\desktop\maptool\tool\default\x64\debug\tool.tlog\link.write.1.tlog
c:\users\jjh\desktop\maptool\tool\default\x64\debug\tool.tlog\rc.command.1.tlog
c:\users\jjh\desktop\maptool\tool\default\x64\debug\tool.tlog\rc.read.1.tlog
c:\users\jjh\desktop\maptool\tool\default\x64\debug\tool.tlog\rc.write.1.tlog
