  Tool.cpp
  MainFrm.cpp
  Tree.cpp
  Portal.cpp
  PlayerSpawn.cpp
  MyTerrain.cpp
c:\users\태경\desktop\maptool\tool\private\myterrain.cpp(46): warning C4806: '&': 안전하지 않은 연산입니다. 'bool' 형식의 값('int' 형식으로 확장)이 주어진 상수와 같을 수 없습니다.
  House2.cpp
  House.cpp
  Default_NPC.cpp
  Camera_Dynamic.cpp
  BackSpawn.cpp
  BackGruondObj.cpp
  MonsterSpawn.cpp
  코드를 생성하고 있습니다...
c:\users\태경\desktop\maptool\tool\private\house.cpp(254): warning C4715: 'CHouse::House_Render': 모든 제어 경로에서 값을 반환하지는 않습니다.
c:\users\태경\desktop\maptool\tool\private\house2.cpp(351): warning C4715: 'CHouse2::RectHouse_Render': 모든 제어 경로에서 값을 반환하지는 않습니다.
  건너뛰고 있습니다... (관련된 변경 내용 없음)
  ToolView.cpp
  MyForm.cpp
  TerrainRect.cpp
  Tool.vcxproj -> C:\Users\태경\Desktop\MapTool\Tool\Default\..\Bin\Tool.exe
  Tool.vcxproj -> ..\Bin\Tool.pdb (Partial PDB)
